Mar 05, 2024 3:07:04 PM customIO.Bankapp main
INFO:                            Welcome to Bank of CBE 
Mar 05, 2024 3:07:04 PM customIO.Bankapp main
INFO: ------------------------------------------
Mar 05, 2024 3:07:04 PM customIO.Bankapp main
INFO: 1.Log in
2.Exit
Mar 05, 2024 3:07:05 PM customIO.Bankapp main
INFO: ------------------------------------------
Mar 05, 2024 3:07:05 PM customIO.Bankapp main
INFO: Enter the login credentials
Mar 05, 2024 3:07:05 PM customIO.Bankapp main
INFO: Enter UserId :  
Mar 05, 2024 3:07:06 PM customIO.Bankapp main
INFO: Enter Password :
Mar 05, 2024 3:07:08 PM customIO.Bankapp main
INFO: ------------------------------------------
Mar 05, 2024 3:07:08 PM customIO.Bankapp main
INFO: Logged in successfully
Mar 05, 2024 3:07:08 PM customIO.EmployeeIO employeeActions
INFO: ------------------------------------------
Mar 05, 2024 3:07:08 PM customIO.EmployeeIO employeeActions
INFO: Select a Option to Proceed : 
Mar 05, 2024 3:07:08 PM customIO.EmployeeIO employeeActions
INFO: 1.Add a Customer
Mar 05, 2024 3:07:08 PM customIO.EmployeeIO employeeActions
INFO: 3.Update the Details of a Customer
Mar 05, 2024 3:07:08 PM customIO.EmployeeIO employeeActions
INFO: 4.Delete a Customer
Mar 05, 2024 3:07:08 PM customIO.EmployeeIO employeeActions
INFO: 5.view Transactions of a User
Mar 05, 2024 3:07:08 PM customIO.EmployeeIO employeeActions
INFO: 6.Make a User Active/Inactive
Mar 05, 2024 3:07:08 PM customIO.EmployeeIO employeeActions
INFO: 7.Block/Unblock a Account
Mar 05, 2024 3:07:08 PM customIO.EmployeeIO employeeActions
INFO: 8.View all (Active/Inactive) User
Mar 05, 2024 3:07:08 PM customIO.EmployeeIO employeeActions
INFO: 9.View all (Block/Unblock) Account
Mar 05, 2024 3:07:08 PM customIO.EmployeeIO employeeActions
INFO: 10.Log Out
Mar 05, 2024 3:07:08 PM customIO.EmployeeIO employeeActions
INFO: ------------------------------------------
Mar 05, 2024 3:07:09 PM customIO.EmployeeIO employeeActions
INFO: 1. View all Transacions Of the User
Mar 05, 2024 3:07:09 PM customIO.EmployeeIO employeeActions
INFO: 2. View Single Transacions
Mar 05, 2024 3:07:09 PM customIO.EmployeeIO employeeActions
INFO: 3. View transaction of a Account
Mar 05, 2024 3:07:09 PM customIO.EmployeeIO employeeActions
INFO: 4. View (Deposite/Withdraw/Both)transaction of a Account over a Period
Mar 05, 2024 3:07:13 PM customIO.EmployeeIO employeeActions
INFO: Enter the Account Number
Mar 05, 2024 3:07:14 PM customIO.EmployeeIO employeeActions
INFO: Enter the Time Period
1.1 month
2.3 months
3.6 months
4.12 months
Mar 05, 2024 3:07:16 PM customIO.EmployeeIO employeeActions
INFO: Enter the transaction type : 
1.Deposite
2.Withdraw
3.Both
Mar 05, 2024 3:07:17 PM customIO.Bankapp main
INFO: An Exception occured ! Sorry for the Inconvenience
utility.InvalidInputException: An Error Occured , Sorry for the Inconvenience
	at Bankapp/utility.Common.setDetails(Common.java:134)
	at Bankapp/dbLogics.TransactionOperations.getCustomData(TransactionOperations.java:206)
	at Bankapp/customLogics.TransactionFunctions.getCustomDetails(TransactionFunctions.java:68)
	at Bankapp/customIO.EmployeeIO.employeeActions(EmployeeIO.java:266)
	at Bankapp/customIO.Bankapp.main(Bankapp.java:96)
Caused by: java.lang.NoSuchMethodException: customDB.Transaction.<init>()
	at java.base/java.lang.Class.getConstructor0(Class.java:3585)
	at java.base/java.lang.Class.getDeclaredConstructor(Class.java:2754)
	at Bankapp/utility.Common.setDetails(Common.java:112)
	... 4 more

Mar 05, 2024 3:07:28 PM customIO.Bankapp main
INFO:                            Welcome to Bank of CBE 
Mar 05, 2024 3:07:28 PM customIO.Bankapp main
INFO: ------------------------------------------
Mar 05, 2024 3:07:28 PM customIO.Bankapp main
INFO: 1.Log in
2.Exit
Mar 05, 2024 3:09:47 PM customIO.Bankapp main
INFO: ------------------------------------------
Mar 05, 2024 3:09:47 PM customIO.Bankapp main
INFO: Enter the login credentials
Mar 05, 2024 3:09:47 PM customIO.Bankapp main
INFO: Enter UserId :  
Mar 05, 2024 3:09:53 PM customIO.Bankapp main
INFO: Enter Password :
Mar 05, 2024 3:09:53 PM customIO.Bankapp main
INFO: ------------------------------------------
Mar 05, 2024 3:09:53 PM customIO.Bankapp main
INFO: Logged in successfully
Mar 05, 2024 3:09:53 PM customIO.EmployeeIO employeeActions
INFO: ------------------------------------------
Mar 05, 2024 3:09:53 PM customIO.EmployeeIO employeeActions
INFO: Select a Option to Proceed : 
Mar 05, 2024 3:09:53 PM customIO.EmployeeIO employeeActions
INFO: 1.Add a Customer
Mar 05, 2024 3:09:53 PM customIO.EmployeeIO employeeActions
INFO: 3.Update the Details of a Customer
Mar 05, 2024 3:09:53 PM customIO.EmployeeIO employeeActions
INFO: 4.Delete a Customer
Mar 05, 2024 3:09:53 PM customIO.EmployeeIO employeeActions
INFO: 5.view Transactions of a User
Mar 05, 2024 3:09:53 PM customIO.EmployeeIO employeeActions
INFO: 6.Make a User Active/Inactive
Mar 05, 2024 3:09:53 PM customIO.EmployeeIO employeeActions
INFO: 7.Block/Unblock a Account
Mar 05, 2024 3:09:53 PM customIO.EmployeeIO employeeActions
INFO: 8.View all (Active/Inactive) User
Mar 05, 2024 3:09:53 PM customIO.EmployeeIO employeeActions
INFO: 9.View all (Block/Unblock) Account
Mar 05, 2024 3:09:53 PM customIO.EmployeeIO employeeActions
INFO: 10.Log Out
Mar 05, 2024 3:09:53 PM customIO.EmployeeIO employeeActions
INFO: ------------------------------------------
Mar 05, 2024 3:09:54 PM customIO.Bankapp main
INFO: ------------------------------------------
Mar 05, 2024 3:09:54 PM customIO.Bankapp main
INFO: 1.Log in
2.Exit
